[0] system: 당신은 사고 사례를 특정 작업공사로 분류하는 고급 AI입니다. 사고 사례의 설명을 받게 되면, 이를 사전에 정의된 작업공사에 따라 분류하는 것이 당신의 임무입니다. 용어와 문맥을 이해하여 최상의 분류를 수행하세요. 대답은 각설하고 해당하는 작업공사만 답합니다. 다음은 분류해야 할 작업공사 목록입니다:

비계 조립 및 해체 작업
양중기 설치 연장 해체 작업
양중기 설치 연장 해체 작업 및 천공 항타 작업
흙막이 지보공 조립·해체 작업
건설기계 사용 작업
안전시설물 설치 및 해체 작업
양중기 설치 및 해체 작업
가설전기 작업
기타 작업(밀폐공간 내 작업, 같은 장소에서 둘 이상의 공정이 동시에 진행되는 작업

[1] user: 재해개요: 2015.02.09.(월) 13:35분경 부산 해운대구 우동 센텀시티 신세계 UEC B부지 신축공사현장에서 위 공사의 지상층 골조공사를 하도급 받은 중아건설(주) 소속 비계공 ***이 동료근로자 김청섭과 함께 지상 2층(6.7미터)에서 외부 낙하물방지망 설치작업을 위해 낙하물방지망 상부로 이동하여 안전고리 체결작업을 하던 중 바람으로 인하여 낙하물방지망 상부 연결부분이 빠지면서 1층 바닥으로 추락하여 바닥에 설치되어 있는 H빔에 머리를 부딪혀 병원으로 후송하여 응급치료를 하였으나 회복하지 못하고 15:03분경 고도의 두부손상으로 사망하였음.
작업공사_v2_세부분류:
[2] assistant: 안전시설물 설치 및 해체 작업
[0] system: 당신은 사고 사례를 특정 작업공사로 분류하는 고급 AI입니다. 사고 사례의 설명을 받게 되면, 이를 사전에 정의된 작업공사에 따라 분류하는 것이 당신의 임무입니다. 용어와 문맥을 이해하여 최상의 분류를 수행하세요. 대답은 각설하고 해당하는 작업공사만 답합니다. 다음은 분류해야 할 작업공사 목록입니다:

비계 조립 및 해체 작업
양중기 설치 연장 해체 작업
양중기 설치 연장 해체 작업 및 천공 항타 작업
흙막이 지보공 조립·해체 작업
건설기계 사용 작업
안전시설물 설치 및 해체 작업
양중기 설치 및 해체 작업
가설전기 작업
기타 작업(밀폐공간 내 작업, 같은 장소에서 둘 이상의 공정이 동시에 진행되는 작업

[1] user: 재해개요: 2015.3.15.일요일 11:00경 광명시 소하동 소재 (주)소하종합건설 소하토피아 신축공사 현장에서 협력업체 (주)천일 소속 비계공인 피재자가 지상3층 위치의 외부 쌍줄 비계에 낙하물 방지망 설치 작업 중, 높이 8m아래 지상 바닥으로 추락하여 병원으로 응급후송하였으나, 당일 16:38경 사망한 재해임.
작업공사_v2_세부분류:
[2] assistant: 비계 조립 및 해체 작업
[0] system: 당신은 사고 사례를 특정 작업공사로 분류하는 고급 AI입니다. 사고 사례의 설명을 받게 되면, 이를 사전에 정의된 작업공사에 따라 분류하는 것이 당신의 임무입니다. 용어와 문맥을 이해하여 최상의 분류를 수행하세요. 대답은 각설하고 해당하는 작업공사만 답합니다. 다음은 분류해야 할 작업공사 목록입니다:

비계 조립 및 해체 작업
양중기 설치 연장 해체 작업
양중기 설치 연장 해체 작업 및 천공 항타 작업
흙막이 지보공 조립·해체 작업
건설기계 사용 작업
안전시설물 설치 및 해체 작업
양중기 설치 및 해체 작업
가설전기 작업
기타 작업(밀폐공간 내 작업, 같은 장소에서 둘 이상의 공정이 동시에 진행되는 작업

[1] user: 재해개요: 재해자는 2015. 6. 13. 12:20경 경기 의정부시 소재 금강주택(주)이 시공하고 있는 금강펜트리움공사현장 내에서 동료 직원 2명과 함께 바닥에 누워 휴식을 취하던 중 합판과 잭서포트가 넘어지면서 합판이 재해자의 머리를 가격 사망한 재해임
작업공사_v2_세부분류:
[2] assistant: 안전시설물 설치 및 해체 작업
[0] system: 당신은 사고 사례를 특정 작업공사로 분류하는 고급 AI입니다. 사고 사례의 설명을 받게 되면, 이를 사전에 정의된 작업공사에 따라 분류하는 것이 당신의 임무입니다. 용어와 문맥을 이해하여 최상의 분류를 수행하세요. 대답은 각설하고 해당하는 작업공사만 답합니다. 다음은 분류해야 할 작업공사 목록입니다:

비계 조립 및 해체 작업
양중기 설치 연장 해체 작업
양중기 설치 연장 해체 작업 및 천공 항타 작업
흙막이 지보공 조립·해체 작업
건설기계 사용 작업
안전시설물 설치 및 해체 작업
양중기 설치 및 해체 작업
가설전기 작업
기타 작업(밀폐공간 내 작업, 같은 장소에서 둘 이상의 공정이 동시에 진행되는 작업

[1] user: 재해개요: 2015. 5. 22.(금) 오전 10:00경 세종시 보람동 소재 새한건설(주)의 "시드니하트 1 빌딩 신축공사"현장에서 협력업체인 (주)덕성토건 소속 재해자 (***, 일용직 만 40세)가 현장 배면(X05열, T02열)굴착 상부에서 현장 입구로 이동 중 현장 입구에서 굴삭기(10W)가 흙막이 가시설인 H빔(0.3M*0.3M, L=12M, W=1.1TON)을 1줄 걸이(크레인 안전하카(집게))로 고정하여 운반 작업을 하다 안전하카가 빠지면서 지나가던 재해자의 머리 위로 떨어져 맞아 사망한 재해임.
작업공사_v2_세부분류:
[2] assistant: 건설기계 사용 작업
[0] system: 당신은 사고 사례를 특정 작업공사로 분류하는 고급 AI입니다. 사고 사례의 설명을 받게 되면, 이를 사전에 정의된 작업공사에 따라 분류하는 것이 당신의 임무입니다. 용어와 문맥을 이해하여 최상의 분류를 수행하세요. 대답은 각설하고 해당하는 작업공사만 답합니다. 다음은 분류해야 할 작업공사 목록입니다:

비계 조립 및 해체 작업
양중기 설치 연장 해체 작업
양중기 설치 연장 해체 작업 및 천공 항타 작업
흙막이 지보공 조립·해체 작업
건설기계 사용 작업
안전시설물 설치 및 해체 작업
양중기 설치 및 해체 작업
가설전기 작업
기타 작업(밀폐공간 내 작업, 같은 장소에서 둘 이상의 공정이 동시에 진행되는 작업

[1] user: 재해개요: 2015. 10. 29.(목) 07:50경 위 공사현장에서 재해자가 동료근로자(박*준)와 함께 송전선로 하부에 발받침비계를 설치하는 과정에 기 설치된 비계위에서 다른 동료근로자(하*근)가 올려주는 강관파이프(4m)를 손으로 받아 들어 올리다 강관파이프가 배전선로(충전부)에 닿아 감전되면서 몸의 중심을 잃고 지상으로 추락(H≒7.2m)하여 사망한 사고.
작업공사_v2_세부분류:
[2] assistant: 비계 조립 및 해체 작업
[0] system: 당신은 사고 사례를 특정 작업공사로 분류하는 고급 AI입니다. 사고 사례의 설명을 받게 되면, 이를 사전에 정의된 작업공사에 따라 분류하는 것이 당신의 임무입니다. 용어와 문맥을 이해하여 최상의 분류를 수행하세요. 대답은 각설하고 해당하는 작업공사만 답합니다. 다음은 분류해야 할 작업공사 목록입니다:

비계 조립 및 해체 작업
양중기 설치 연장 해체 작업
양중기 설치 연장 해체 작업 및 천공 항타 작업
흙막이 지보공 조립·해체 작업
건설기계 사용 작업
안전시설물 설치 및 해체 작업
양중기 설치 및 해체 작업
가설전기 작업
기타 작업(밀폐공간 내 작업, 같은 장소에서 둘 이상의 공정이 동시에 진행되는 작업

[1] user: 재해개요: ○ 2015.09.12.(토) 15:10경 서울시 서초구 서초동 소재 ㈜대우건설 삼호1차아파트 재건축현장 내 1단지 102동 배면에서,
 ○ 망 ***(가시설공,58세)가 가도 램프구간 흙막이 지보공 작업을 위해 굴착사면에 올라가 굴삭기 붐 끝단에 와이어 로프로 매달아서 운반한 버팀대(RAker버팀대, H-300×300, L=12M, W-1.2 ton) 위치 확인 및 조정 작업 후 대기하던 중,
 ○ 굴삭기 운전자가 경사 버팀대 2/3 높이에 2회 감은 인양 와이어로프(ø16mm, L=3.1m)를 풀기위해 로프를 느슨하게 유지하면서 지면으로 내리다 중간에 걸리자 다시 흘러내리도록 굴삭기 붐으로 튕기듯이 몇 번 당기는 순간
 ○ 양 끝단이 고정되지 않아 불안전한 상태인 버팀대 상단이 당기는 힘을 견디지 못하고 측면으로 순간적으로 이동(약 2.0M)하면서 그 옆에서 대기 중이던 망인의 왼쪽 가슴을 강타하면서 사망한 사고임.
작업공사_v2_세부분류:
[2] assistant: 흙막이 지보공 조립·해체 작업
[0] system: 당신은 사고 사례를 특정 작업공사로 분류하는 고급 AI입니다. 사고 사례의 설명을 받게 되면, 이를 사전에 정의된 작업공사에 따라 분류하는 것이 당신의 임무입니다. 용어와 문맥을 이해하여 최상의 분류를 수행하세요. 대답은 각설하고 해당하는 작업공사만 답합니다. 다음은 분류해야 할 작업공사 목록입니다:

비계 조립 및 해체 작업
양중기 설치 연장 해체 작업
양중기 설치 연장 해체 작업 및 천공 항타 작업
흙막이 지보공 조립·해체 작업
건설기계 사용 작업
안전시설물 설치 및 해체 작업
양중기 설치 및 해체 작업
가설전기 작업
기타 작업(밀폐공간 내 작업, 같은 장소에서 둘 이상의 공정이 동시에 진행되는 작업

[1] user: 재해개요: 시체검안서, 변사사실확인원, 구조구급증명서, 한국산업안전보건공단 재해조사의견서, 사업장 자체조사서(중대재해 발생보고) 등에 따르면,
  2016.02.01. 13:20경 김해시 내덕동 소재 ㈜서희건설/장유서희스타힐스아파트 신축공사 현장에서 협력업체(영빈건설(주)) 소속 재해자가 106동 배면 외벽 견출작업을 위해 달비계 작업발판에 탑승하던 중 몸의 중심을 잃고 약 53m 아래 지상 바닥으로 떨어져 사망한 재해임
작업공사_v2_세부분류:
[2] assistant: 비계 조립 및 해체 작업
[0] system: 당신은 사고 사례를 특정 작업공사로 분류하는 고급 AI입니다. 사고 사례의 설명을 받게 되면, 이를 사전에 정의된 작업공사에 따라 분류하는 것이 당신의 임무입니다. 용어와 문맥을 이해하여 최상의 분류를 수행하세요. 대답은 각설하고 해당하는 작업공사만 답합니다. 다음은 분류해야 할 작업공사 목록입니다:

비계 조립 및 해체 작업
양중기 설치 연장 해체 작업
양중기 설치 연장 해체 작업 및 천공 항타 작업
흙막이 지보공 조립·해체 작업
건설기계 사용 작업
안전시설물 설치 및 해체 작업
양중기 설치 및 해체 작업
가설전기 작업
기타 작업(밀폐공간 내 작업, 같은 장소에서 둘 이상의 공정이 동시에 진행되는 작업

[1] user: 재해개요: 2016. 1. 25. 13:47분경 부산 사상구 괘법동 524-23번지 소재에서 기해종합건설9주)이 시공하는 “파밀리아 괘법 4차 주거복합시설 신축공사”현장에서 형틀목공인 ***이 지상14층 돌음계단 거푸집 조립?해체작업중 계단실내 개구부로 추락하여 약 17.4m 아래 지상 9층 계단실 가설 난간에 의식을 잃고 걸처져 있는 것을 작업반장이 발견하여 119구급대에 신고하여 부산산백병원으로 후송하였으나, 2016. 1. 25. 19.:20분 사망한 재해임.
작업공사_v2_세부분류:
[2] assistant: 비계 조립 및 해체 작업
[0] system: 당신은 사고 사례를 특정 작업공사로 분류하는 고급 AI입니다. 사고 사례의 설명을 받게 되면, 이를 사전에 정의된 작업공사에 따라 분류하는 것이 당신의 임무입니다. 용어와 문맥을 이해하여 최상의 분류를 수행하세요. 대답은 각설하고 해당하는 작업공사만 답합니다. 다음은 분류해야 할 작업공사 목록입니다:

비계 조립 및 해체 작업
양중기 설치 연장 해체 작업
양중기 설치 연장 해체 작업 및 천공 항타 작업
흙막이 지보공 조립·해체 작업
건설기계 사용 작업
안전시설물 설치 및 해체 작업
양중기 설치 및 해체 작업
가설전기 작업
기타 작업(밀폐공간 내 작업, 같은 장소에서 둘 이상의 공정이 동시에 진행되는 작업

[1] user: 재해개요: 2016.04.28. 성일건설이 시공하는 양주시 경동대학 강의동 신축공사현장에서 비계작업 중 15:45경 와이어가 풀려 추락하여 의정부성모병원에서 치료 중 같은 날 회복하지 못하고 18:35경 사망함.
작업공사_v2_세부분류:
[2] assistant: 비계 조립 및 해체 작업
[0] system: 당신은 사고 사례를 특정 작업공사로 분류하는 고급 AI입니다. 사고 사례의 설명을 받게 되면, 이를 사전에 정의된 작업공사에 따라 분류하는 것이 당신의 임무입니다. 용어와 문맥을 이해하여 최상의 분류를 수행하세요. 대답은 각설하고 해당하는 작업공사만 답합니다. 다음은 분류해야 할 작업공사 목록입니다:

비계 조립 및 해체 작업
양중기 설치 연장 해체 작업
양중기 설치 연장 해체 작업 및 천공 항타 작업
흙막이 지보공 조립·해체 작업
건설기계 사용 작업
안전시설물 설치 및 해체 작업
양중기 설치 및 해체 작업
가설전기 작업
기타 작업(밀폐공간 내 작업, 같은 장소에서 둘 이상의 공정이 동시에 진행되는 작업

[1] user: 재해개요: 2016.04.23일(토) 오후 13시 57분경 통영시 광도면 죽림리 소재 (유)주영산업개발이 시공하는 주영 더 팰리스 6차 아파트 신축공사 현장에서 협력업체인 동우건설㈜ 소속 피재자가 작업준비을 위한 이동중 토사반출을 위해 진입하던 덤프트럭에 깔려 사망한 재해임
작업공사_v2_세부분류:
[2] assistant: 건설기계 사용 작업
[0] system: 당신은 사고 사례를 특정 작업공사로 분류하는 고급 AI입니다. 사고 사례의 설명을 받게 되면, 이를 사전에 정의된 작업공사에 따라 분류하는 것이 당신의 임무입니다. 용어와 문맥을 이해하여 최상의 분류를 수행하세요. 대답은 각설하고 해당하는 작업공사만 답합니다. 다음은 분류해야 할 작업공사 목록입니다:

비계 조립 및 해체 작업
양중기 설치 연장 해체 작업
양중기 설치 연장 해체 작업 및 천공 항타 작업
흙막이 지보공 조립·해체 작업
건설기계 사용 작업
안전시설물 설치 및 해체 작업
양중기 설치 및 해체 작업
가설전기 작업
기타 작업(밀폐공간 내 작업, 같은 장소에서 둘 이상의 공정이 동시에 진행되는 작업

[1] user: 재해개요: 가. 2016. 4. 26.(수) 15:20경 부산 수영구 남천동 74-47번지 소재 남천동(심건우) 공동주택신축공사 현장(이하,??사고현장??)에서 ***(이하,??망인??)이 건물 4층~5층 사이에 설치된 외부 비계 작업발판 위에서 바람에 날아갈 우려가 있는 합판조각 등 폐목재를 정리하던 중 외부 비계에 안전난간이 설치되지 않은 구간으로 떨어져 2016. 4. 26. 16:35경 두부 및 몸통부위 다발성 손상으로 사망하였음. 
나. 이에 망인의 처 방소희가 우리 지사에 2016. 5. 19. 유족급여및장의비청구서(3010-2016-32291)를 제출하였음.
작업공사_v2_세부분류:
[2] assistant: 비계 조립 및 해체 작업
[0] system: 당신은 사고 사례를 특정 작업공사로 분류하는 고급 AI입니다. 사고 사례의 설명을 받게 되면, 이를 사전에 정의된 작업공사에 따라 분류하는 것이 당신의 임무입니다. 용어와 문맥을 이해하여 최상의 분류를 수행하세요. 대답은 각설하고 해당하는 작업공사만 답합니다. 다음은 분류해야 할 작업공사 목록입니다:

비계 조립 및 해체 작업
양중기 설치 연장 해체 작업
양중기 설치 연장 해체 작업 및 천공 항타 작업
흙막이 지보공 조립·해체 작업
건설기계 사용 작업
안전시설물 설치 및 해체 작업
양중기 설치 및 해체 작업
가설전기 작업
기타 작업(밀폐공간 내 작업, 같은 장소에서 둘 이상의 공정이 동시에 진행되는 작업

[1] user: 재해개요: 2016. 5. 3. 11:00경 천안 서북구 불당동 534-55번지 탕정지구 복합1블럭 호반3차 아파트 26층 공사현장에서 견출작업을 하던 재해자가 한세대의 작업을 마치고 다음 세대로 아파트 외벽에 설치된 달비계 발판을 통하여 이동하던 중 달비계와 달비계 사이에 콘크리트 압송관이 올라가는 공간이 있고 그 공간에 추락하여 사망하였음
작업공사_v2_세부분류:
[2] assistant: 비계 조립 및 해체 작업
[0] system: 당신은 사고 사례를 특정 작업공사로 분류하는 고급 AI입니다. 사고 사례의 설명을 받게 되면, 이를 사전에 정의된 작업공사에 따라 분류하는 것이 당신의 임무입니다. 용어와 문맥을 이해하여 최상의 분류를 수행하세요. 대답은 각설하고 해당하는 작업공사만 답합니다. 다음은 분류해야 할 작업공사 목록입니다:

비계 조립 및 해체 작업
양중기 설치 연장 해체 작업
양중기 설치 연장 해체 작업 및 천공 항타 작업
흙막이 지보공 조립·해체 작업
건설기계 사용 작업
안전시설물 설치 및 해체 작업
양중기 설치 및 해체 작업
가설전기 작업
기타 작업(밀폐공간 내 작업, 같은 장소에서 둘 이상의 공정이 동시에 진행되는 작업

[1] user: 재해개요: 2016년08월05일(금) 12:56경 충남 천안시 동남구 신부동 소재 동문건설(주)에서 시공하는 천안 신부동 동문굿모닝힐 신축공사 현장에서 협력업체 소속 직영반장(남, 61세)인 재해자가 오후 T.B.M(Tool Box Meeting)을 위하여 119동 남측 가설도로(폭:8m)를 횡단하여 이동하던 중 운행 중이던 지개차(8ton) 오른쪽 바퀴에 깔려 사망한 재해임.
작업공사_v2_세부분류:
[2] assistant: 기타 작업
[0] system: 당신은 사고 사례를 특정 작업공사로 분류하는 고급 AI입니다. 사고 사례의 설명을 받게 되면, 이를 사전에 정의된 작업공사에 따라 분류하는 것이 당신의 임무입니다. 용어와 문맥을 이해하여 최상의 분류를 수행하세요. 대답은 각설하고 해당하는 작업공사만 답합니다. 다음은 분류해야 할 작업공사 목록입니다:

비계 조립 및 해체 작업
양중기 설치 연장 해체 작업
양중기 설치 연장 해체 작업 및 천공 항타 작업
흙막이 지보공 조립·해체 작업
건설기계 사용 작업
안전시설물 설치 및 해체 작업
양중기 설치 및 해체 작업
가설전기 작업
기타 작업(밀폐공간 내 작업, 같은 장소에서 둘 이상의 공정이 동시에 진행되는 작업

[1] user: 재해개요: 2016.7.25. 11:03경 가시설공인 재해자가 철근을 말고 용접을 하는 작업을 하던 중 천공작업으로 발생한 토사정리를 하던 굴삭기가 후진하는 과정에서 재해자를 발견하지 못하고 굴삭기 오른쪽 바퀴에 깔려 사망함
작업공사_v2_세부분류:
[2] assistant: 건설기계 사용 작업
[0] system: 당신은 사고 사례를 특정 작업공사로 분류하는 고급 AI입니다. 사고 사례의 설명을 받게 되면, 이를 사전에 정의된 작업공사에 따라 분류하는 것이 당신의 임무입니다. 용어와 문맥을 이해하여 최상의 분류를 수행하세요. 대답은 각설하고 해당하는 작업공사만 답합니다. 다음은 분류해야 할 작업공사 목록입니다:

비계 조립 및 해체 작업
양중기 설치 연장 해체 작업
양중기 설치 연장 해체 작업 및 천공 항타 작업
흙막이 지보공 조립·해체 작업
건설기계 사용 작업
안전시설물 설치 및 해체 작업
양중기 설치 및 해체 작업
가설전기 작업
기타 작업(밀폐공간 내 작업, 같은 장소에서 둘 이상의 공정이 동시에 진행되는 작업

[1] user: 재해개요: 2016.7.28. 재해자가 17:20경 현장에 도착하여 ㈜효성 현장 공사과장(양승범)과 작업내용을 협의하고 비계 설치구간(101동 옆 2번 램프출입구 상단) 및 안전교육 받은 후 17:40경에 비계설치 작업을 시작하여 작업을 하던 중 18:10경 지하주차장 램프출입구에서 비계 고정작업 완료 후 시스템비계 상부발판 약 3.9m높이에서 실족하여 아래로 추락하여 119에 신고하여 병원으로 후송하였으나 치료를 받다가 사망함
작업공사_v2_세부분류:
[2] assistant: 비계 조립 및 해체 작업
[0] system: 당신은 사고 사례를 특정 작업공사로 분류하는 고급 AI입니다. 사고 사례의 설명을 받게 되면, 이를 사전에 정의된 작업공사에 따라 분류하는 것이 당신의 임무입니다. 용어와 문맥을 이해하여 최상의 분류를 수행하세요. 대답은 각설하고 해당하는 작업공사만 답합니다. 다음은 분류해야 할 작업공사 목록입니다:

비계 조립 및 해체 작업
양중기 설치 연장 해체 작업
양중기 설치 연장 해체 작업 및 천공 항타 작업
흙막이 지보공 조립·해체 작업
건설기계 사용 작업
안전시설물 설치 및 해체 작업
양중기 설치 및 해체 작업
가설전기 작업
기타 작업(밀폐공간 내 작업, 같은 장소에서 둘 이상의 공정이 동시에 진행되는 작업

[1] user: 재해개요: 2016. 9. 10. 16:40경 성안종합건설 아파트 공사현장 7층에서 추락하여 사망함
작업공사_v2_세부분류:
[2] assistant: 기타 작업(밀폐공간 내 작업, 같은 장소에서 둘 이상의 공정이 동시에 진행되는 작업)
[0] system: 당신은 사고 사례를 특정 작업공사로 분류하는 고급 AI입니다. 사고 사례의 설명을 받게 되면, 이를 사전에 정의된 작업공사에 따라 분류하는 것이 당신의 임무입니다. 용어와 문맥을 이해하여 최상의 분류를 수행하세요. 대답은 각설하고 해당하는 작업공사만 답합니다. 다음은 분류해야 할 작업공사 목록입니다:

비계 조립 및 해체 작업
양중기 설치 연장 해체 작업
양중기 설치 연장 해체 작업 및 천공 항타 작업
흙막이 지보공 조립·해체 작업
건설기계 사용 작업
안전시설물 설치 및 해체 작업
양중기 설치 및 해체 작업
가설전기 작업
기타 작업(밀폐공간 내 작업, 같은 장소에서 둘 이상의 공정이 동시에 진행되는 작업

[1] user: 재해개요: 2016.10.15.(토) 09:30경 ㈜태건종합건설 안양동 주상복합 신축공사 현장에서 지하3층 기계식 주차장 벽체 거푸집 설치를 위해 같은 형틀팀  동료작업자 7명이 시스템동바리 수평재 사이에 작업발판(합판)을 설치하던 중 재해자가 기계식 주차장 주변 단차구간(기계실) 슬래브 단부에서 이동하는 과정에서 균형을 잃고 지하3층 기계주차장 바닥(H=4m)으로 떨어져 119 구급차를 타고 한림대성심병원으로 이송하였으나 응급실에서 치료 중 같은 날 11:54경 사망함.
작업공사_v2_세부분류:
[2] assistant: 안전시설물 설치 및 해체 작업
[0] system: 당신은 사고 사례를 특정 작업공사로 분류하는 고급 AI입니다. 사고 사례의 설명을 받게 되면, 이를 사전에 정의된 작업공사에 따라 분류하는 것이 당신의 임무입니다. 용어와 문맥을 이해하여 최상의 분류를 수행하세요. 대답은 각설하고 해당하는 작업공사만 답합니다. 다음은 분류해야 할 작업공사 목록입니다:

비계 조립 및 해체 작업
양중기 설치 연장 해체 작업
양중기 설치 연장 해체 작업 및 천공 항타 작업
흙막이 지보공 조립·해체 작업
건설기계 사용 작업
안전시설물 설치 및 해체 작업
양중기 설치 및 해체 작업
가설전기 작업
기타 작업(밀폐공간 내 작업, 같은 장소에서 둘 이상의 공정이 동시에 진행되는 작업

[1] user: 재해개요: 피재자는 2016. 10. 12. 10:18경 “후지필름복합주거신축공사” 현장 지하 1층에서 작업을 하다가 바닥에 추락하는 재해가 발생하였고, 119구조대에 의해 고려대학교 구로병원으로 후송되어 요양을 하던 중에 2016. 10. 12. 21:51경 사망한 재해임.
작업공사_v2_세부분류:
[2] assistant: 기타 작업(밀폐공간 내 작업, 같은 장소에서 둘 이상의 공정이 동시에 진행되는 작업)
[0] system: 당신은 사고 사례를 특정 작업공사로 분류하는 고급 AI입니다. 사고 사례의 설명을 받게 되면, 이를 사전에 정의된 작업공사에 따라 분류하는 것이 당신의 임무입니다. 용어와 문맥을 이해하여 최상의 분류를 수행하세요. 대답은 각설하고 해당하는 작업공사만 답합니다. 다음은 분류해야 할 작업공사 목록입니다:

비계 조립 및 해체 작업
양중기 설치 연장 해체 작업
양중기 설치 연장 해체 작업 및 천공 항타 작업
흙막이 지보공 조립·해체 작업
건설기계 사용 작업
안전시설물 설치 및 해체 작업
양중기 설치 및 해체 작업
가설전기 작업
기타 작업(밀폐공간 내 작업, 같은 장소에서 둘 이상의 공정이 동시에 진행되는 작업

[1] user: 재해개요: 재해자는 중국 국적으로 2016.11.21.부터 충주시 중앙탑면 용전리 722 자이아파트 건설현장에서 건물 외벽에 발판을 설치하는 갱폼 작업을 하였는데, 재해자는 2016.11.23. 12:05경 충주시 중앙탑면 용전리 자이 아파트 105동 신축 건설현장에서 지상 14.6m에서 발판 설치 작업을 하던 중, 마지막 발판을 받침대 위에 올려 놓고 고정을 하기 위해 U볼트를 끼워 놓고 목격자에게 U볼트 고정에 필요한 와셔를 넘겨 줄 때 고정되지 않은 발판을 밟았다가 발판이 기울어지면서 추락하여 사망하였음
작업공사_v2_세부분류:
[2] assistant: 비계 조립 및 해체 작업
[0] system: 당신은 사고 사례를 특정 작업공사로 분류하는 고급 AI입니다. 사고 사례의 설명을 받게 되면, 이를 사전에 정의된 작업공사에 따라 분류하는 것이 당신의 임무입니다. 용어와 문맥을 이해하여 최상의 분류를 수행하세요. 대답은 각설하고 해당하는 작업공사만 답합니다. 다음은 분류해야 할 작업공사 목록입니다:

비계 조립 및 해체 작업
양중기 설치 연장 해체 작업
양중기 설치 연장 해체 작업 및 천공 항타 작업
흙막이 지보공 조립·해체 작업
건설기계 사용 작업
안전시설물 설치 및 해체 작업
양중기 설치 및 해체 작업
가설전기 작업
기타 작업(밀폐공간 내 작업, 같은 장소에서 둘 이상의 공정이 동시에 진행되는 작업

[1] user: 재해개요: 재해자는 2017.1.16. 8시45분경 평택시 동삭로 자이더익스프레스 2차 504동 6층 옹벽펜스에서 보양천막을 5층으로 내리는 작업을 하던 도중 보양천막을 아래로 던지면서 중심을 잃고 약3미터 아래로 떨어져 바닥에 박혀 있던 철근에 왼쪽 옆구리 부위를 찍혀 병원으로 후송하던 중 사망함
작업공사_v2_세부분류:
[2] assistant: 안전시설물 설치 및 해체 작업
[0] system: 당신은 사고 사례를 특정 작업공사로 분류하는 고급 AI입니다. 사고 사례의 설명을 받게 되면, 이를 사전에 정의된 작업공사에 따라 분류하는 것이 당신의 임무입니다. 용어와 문맥을 이해하여 최상의 분류를 수행하세요. 대답은 각설하고 해당하는 작업공사만 답합니다. 다음은 분류해야 할 작업공사 목록입니다:

비계 조립 및 해체 작업
양중기 설치 연장 해체 작업
양중기 설치 연장 해체 작업 및 천공 항타 작업
흙막이 지보공 조립·해체 작업
건설기계 사용 작업
안전시설물 설치 및 해체 작업
양중기 설치 및 해체 작업
가설전기 작업
기타 작업(밀폐공간 내 작업, 같은 장소에서 둘 이상의 공정이 동시에 진행되는 작업

[1] user: 재해개요: 변사자는 지성산업개발(주)에서 현장 작업반장으로 일하는 자이다. 2017.3.23. 13:17경 부천시 원미구 심곡동 129-12 지하 9미터에 있는 오피스텔 터파기 굴착 공사현장에서 양수작업 점검을 하고 걸어서 이동을 하던 중 지상에서 상차작업을 위해 내려가는 크레인 바스켓(가로 1.5미터, 세로 1.2미터, 높이 1미터, 무게 900킬로그램)에 깔려 압착에 의한 '중증의 두부 및 흉부손상, 다발성 늑골 골절, 두개골 골절, 압궤손상' 등으로 사망하였다.
작업공사_v2_세부분류:
[2] assistant: 양중기 설치 및 해체 작업
[0] system: 당신은 사고 사례를 특정 작업공사로 분류하는 고급 AI입니다. 사고 사례의 설명을 받게 되면, 이를 사전에 정의된 작업공사에 따라 분류하는 것이 당신의 임무입니다. 용어와 문맥을 이해하여 최상의 분류를 수행하세요. 대답은 각설하고 해당하는 작업공사만 답합니다. 다음은 분류해야 할 작업공사 목록입니다:

비계 조립 및 해체 작업
양중기 설치 연장 해체 작업
양중기 설치 연장 해체 작업 및 천공 항타 작업
흙막이 지보공 조립·해체 작업
건설기계 사용 작업
안전시설물 설치 및 해체 작업
양중기 설치 및 해체 작업
가설전기 작업
기타 작업(밀폐공간 내 작업, 같은 장소에서 둘 이상의 공정이 동시에 진행되는 작업

[1] user: 재해개요: 인천 남동구 구월동 소재 대길종합건설(주)가 시공중인「구월동 1136번지 주상복합 신축공사」현장에서 직영 근로자인 ***이 지하 1층에서 유포폼 및 합판 등 자재정리 작업 중, 바닥개구부(400mm×1160mm)를 덮어 놓은 합판을 치우던 순간 바닥의 개구부에 빠져 지하 2층 바닥(H=10.6m)으로 떨어져 사망함(현장을 목격한 동료 2인이 119에 연락을 취하여 구조대원이 당도하였으나 이미 소생이 불가능한 상태로 확인되어 가천대길병원 장례식장으로 이송)
작업공사_v2_세부분류:
[2] assistant: 기타 작업(밀폐공간 내 작업, 같은 장소에서 둘 이상의 공정이 동시에 진행되는 작업)
[0] system: 당신은 사고 사례를 특정 작업공사로 분류하는 고급 AI입니다. 사고 사례의 설명을 받게 되면, 이를 사전에 정의된 작업공사에 따라 분류하는 것이 당신의 임무입니다. 용어와 문맥을 이해하여 최상의 분류를 수행하세요. 대답은 각설하고 해당하는 작업공사만 답합니다. 다음은 분류해야 할 작업공사 목록입니다:

비계 조립 및 해체 작업
양중기 설치 연장 해체 작업
양중기 설치 연장 해체 작업 및 천공 항타 작업
흙막이 지보공 조립·해체 작업
건설기계 사용 작업
안전시설물 설치 및 해체 작업
양중기 설치 및 해체 작업
가설전기 작업
기타 작업(밀폐공간 내 작업, 같은 장소에서 둘 이상의 공정이 동시에 진행되는 작업

[1] user: 재해개요: 변사자는 일용노동자로써, 2017.3.23. 10:10경 부천시 원미구 심곡동 143-1번지 복합타워 신축공사 현장에서 청소 작업을 하던 중, 4층에서 작업을 하다가 외벽(유로폼43*1200, 47*1200)을 손으로 짚고 내려가다가 외벽이 떨어지면서 약10미터 아래로 추락한 것을 같이 일하는 공사장 인부 정정호(68세, 남)가 발견한 것임[경찰서 사고조사기록]
작업공사_v2_세부분류:
[2] assistant: 기타 작업(밀폐공간 내 작업, 같은 장소에서 둘 이상의 공정이 동시에 진행되는 작업)
[0] system: 당신은 사고 사례를 특정 작업공사로 분류하는 고급 AI입니다. 사고 사례의 설명을 받게 되면, 이를 사전에 정의된 작업공사에 따라 분류하는 것이 당신의 임무입니다. 용어와 문맥을 이해하여 최상의 분류를 수행하세요. 대답은 각설하고 해당하는 작업공사만 답합니다. 다음은 분류해야 할 작업공사 목록입니다:

비계 조립 및 해체 작업
양중기 설치 연장 해체 작업
양중기 설치 연장 해체 작업 및 천공 항타 작업
흙막이 지보공 조립·해체 작업
건설기계 사용 작업
안전시설물 설치 및 해체 작업
양중기 설치 및 해체 작업
가설전기 작업
기타 작업(밀폐공간 내 작업, 같은 장소에서 둘 이상의 공정이 동시에 진행되는 작업

[1] user: 재해개요: 2017. 5. 25(목). 15:30분경 이룸종합건설(주)가 경기 부천시 옥길동777-2 소재 옥길 세븐프라자 신축공사 현장에서 거푸집 보 설치를 위해 보 상부에서 피재자 2명이 거푸집 보를 고정하던 중, 합판 고정부위가 파단되면서 거푸집 보가 약 3.4미터 아래 바닥으로 떨러져 피재자 2명 중 1명은 사망하고, 1명은 부상을 당하였고, 하부에 있던 피재자 1명은 떨어지는 보 거푸집에 치아를 부딪쳐 부상당한 재해(고용노동부 재해조사 의견서에 의함)
작업공사_v2_세부분류:
[2] assistant: 안전시설물 설치 및 해체 작업
[0] system: 당신은 사고 사례를 특정 작업공사로 분류하는 고급 AI입니다. 사고 사례의 설명을 받게 되면, 이를 사전에 정의된 작업공사에 따라 분류하는 것이 당신의 임무입니다. 용어와 문맥을 이해하여 최상의 분류를 수행하세요. 대답은 각설하고 해당하는 작업공사만 답합니다. 다음은 분류해야 할 작업공사 목록입니다:

비계 조립 및 해체 작업
양중기 설치 연장 해체 작업
양중기 설치 연장 해체 작업 및 천공 항타 작업
흙막이 지보공 조립·해체 작업
건설기계 사용 작업
안전시설물 설치 및 해체 작업
양중기 설치 및 해체 작업
가설전기 작업
기타 작업(밀폐공간 내 작업, 같은 장소에서 둘 이상의 공정이 동시에 진행되는 작업

[1] user: 재해개요: 위 피재자 망 ***은 ㈜성한건설 소속 형틀공으로 우성건영(주)에서 시공하는 경기 성남시 수정구 창곡동 126-1소재 위례신도시 업무6블럭(4-7)우성위례타워신축공사현장에서 2017. 06. 14.(수)15:50경 지붕층 슬래브의 보(폭×춤=500×900mm, L=4.6m) 거푸집  설치작업을 하던 중 몸의 중심을 잃고 지상 8층 바닥으로 떨어졌고(H≒3.3m) 연이어 보 측면 거푸집이 떨어지면서 위 피재자를 가격 병원으로 이송하여 치료하였으나 17:16경 사망한 재해임.
작업공사_v2_세부분류:
[2] assistant: 양중기 설치 연장 해체 작업 및 천공 항타 작업
[0] system: 당신은 사고 사례를 특정 작업공사로 분류하는 고급 AI입니다. 사고 사례의 설명을 받게 되면, 이를 사전에 정의된 작업공사에 따라 분류하는 것이 당신의 임무입니다. 용어와 문맥을 이해하여 최상의 분류를 수행하세요. 대답은 각설하고 해당하는 작업공사만 답합니다. 다음은 분류해야 할 작업공사 목록입니다:

비계 조립 및 해체 작업
양중기 설치 연장 해체 작업
양중기 설치 연장 해체 작업 및 천공 항타 작업
흙막이 지보공 조립·해체 작업
건설기계 사용 작업
안전시설물 설치 및 해체 작업
양중기 설치 및 해체 작업
가설전기 작업
기타 작업(밀폐공간 내 작업, 같은 장소에서 둘 이상의 공정이 동시에 진행되는 작업

[1] user: 재해개요: 피재근로자는 대전시 중구 오류동 소재 ‘오류동 공공임대주택 건설공사’ 현장에서 지상 4층 비계 작업발판 위에서 쓰레기를 건물 외부로 반출하던 중 지상 8층에서 떨어진 철근(길이 2.4m)에 맞아 119를 이용하여 충남대학교병원으로 후송하였으나 사망상태로 도착함
작업공사_v2_세부분류:
[2] assistant: 비계 조립 및 해체 작업
[0] system: 당신은 사고 사례를 특정 작업공사로 분류하는 고급 AI입니다. 사고 사례의 설명을 받게 되면, 이를 사전에 정의된 작업공사에 따라 분류하는 것이 당신의 임무입니다. 용어와 문맥을 이해하여 최상의 분류를 수행하세요. 대답은 각설하고 해당하는 작업공사만 답합니다. 다음은 분류해야 할 작업공사 목록입니다:

비계 조립 및 해체 작업
양중기 설치 연장 해체 작업
양중기 설치 연장 해체 작업 및 천공 항타 작업
흙막이 지보공 조립·해체 작업
건설기계 사용 작업
안전시설물 설치 및 해체 작업
양중기 설치 및 해체 작업
가설전기 작업
기타 작업(밀폐공간 내 작업, 같은 장소에서 둘 이상의 공정이 동시에 진행되는 작업

[1] user: 재해개요: 피재자는 2017.7.29. 07:00분경 공사 현장에 출근하여 안전 교육을 받고 07:30분경 현장에 투입된 자로, 111동 현장 외벽에 비계를 설치하면서 지지대를 설치하려고 하던 중, 균형을 잃고 약 7미터 아래로 추락하면서 바닥 부근에 있던 철근이 왼쪽 이마 부분에 박힌 채로 발견되었고, 119에 신고하여 급히 후송하였으나, 2017.7.29. 17:12분경 중앙대학교병원 응급실에서 사망[서울강동경찰서장 사건사고사실확인원 기재본]한 재해임.
작업공사_v2_세부분류:
[2] assistant: 비계 조립 및 해체 작업
[0] system: 당신은 사고 사례를 특정 작업공사로 분류하는 고급 AI입니다. 사고 사례의 설명을 받게 되면, 이를 사전에 정의된 작업공사에 따라 분류하는 것이 당신의 임무입니다. 용어와 문맥을 이해하여 최상의 분류를 수행하세요. 대답은 각설하고 해당하는 작업공사만 답합니다. 다음은 분류해야 할 작업공사 목록입니다:

비계 조립 및 해체 작업
양중기 설치 연장 해체 작업
양중기 설치 연장 해체 작업 및 천공 항타 작업
흙막이 지보공 조립·해체 작업
건설기계 사용 작업
안전시설물 설치 및 해체 작업
양중기 설치 및 해체 작업
가설전기 작업
기타 작업(밀폐공간 내 작업, 같은 장소에서 둘 이상의 공정이 동시에 진행되는 작업

[1] user: 재해개요: ‘고’ 주충문(이하‘고인’이라 함)”은 한일개발(주) 하청업체인 ㈜명인건설 소속 근로자로,  2017.04.26.(수) 오후 4시 10분경 서교동 354-5 소재 지하 3층, 지상 10층 규모의 오피스텔 신축공사 현장에서 바람에 의해 현장가설휀스 1장이 탈락되어 지하 2층 계단실 형틀 작업 중이던 고인(형틀목공, 43세)쪽으로 떨어져 고인이 이에 맞고 지하 2층에서 지하 3층 바닥으로 추락(높이 : 4.95m)하여 119구급대를 통하여 연세대학교 의과대학 세브란스병원으로 이송되어 응급처치 중 사망한 재해임
작업공사_v2_세부분류:
[2] assistant: 안전시설물 설치 및 해체 작업
[0] system: 당신은 사고 사례를 특정 작업공사로 분류하는 고급 AI입니다. 사고 사례의 설명을 받게 되면, 이를 사전에 정의된 작업공사에 따라 분류하는 것이 당신의 임무입니다. 용어와 문맥을 이해하여 최상의 분류를 수행하세요. 대답은 각설하고 해당하는 작업공사만 답합니다. 다음은 분류해야 할 작업공사 목록입니다:

비계 조립 및 해체 작업
양중기 설치 연장 해체 작업
양중기 설치 연장 해체 작업 및 천공 항타 작업
흙막이 지보공 조립·해체 작업
건설기계 사용 작업
안전시설물 설치 및 해체 작업
양중기 설치 및 해체 작업
가설전기 작업
기타 작업(밀폐공간 내 작업, 같은 장소에서 둘 이상의 공정이 동시에 진행되는 작업

[1] user: 재해개요: 2017.02.06. 16:20경 평택시 이충동 소재 (주)트인종합건설 ART-TOWER 2차 주상복합 신축공사 현장에서 하수급업체인 에이케이건설(주) 소속 고인이 흙막이 가시설 6단 띠장 지지용 브라켓을 용접하기 위해 굴착 토사 반출위치(크램쉘 버킷 수직 이동구간) 흙막이 벽체 쪽으로 이동 중 하강 중이던 크램쉘 버킷에 깔려 있는 것을 현장소장이 119에 신고하여 박병원으로 이송하였으나 사망함.
작업공사_v2_세부분류:
[2] assistant: 흙막이 지보공 조립·해체 작업
[0] system: 당신은 사고 사례를 특정 작업공사로 분류하는 고급 AI입니다. 사고 사례의 설명을 받게 되면, 이를 사전에 정의된 작업공사에 따라 분류하는 것이 당신의 임무입니다. 용어와 문맥을 이해하여 최상의 분류를 수행하세요. 대답은 각설하고 해당하는 작업공사만 답합니다. 다음은 분류해야 할 작업공사 목록입니다:

비계 조립 및 해체 작업
양중기 설치 연장 해체 작업
양중기 설치 연장 해체 작업 및 천공 항타 작업
흙막이 지보공 조립·해체 작업
건설기계 사용 작업
안전시설물 설치 및 해체 작업
양중기 설치 및 해체 작업
가설전기 작업
기타 작업(밀폐공간 내 작업, 같은 장소에서 둘 이상의 공정이 동시에 진행되는 작업

[1] user: 재해개요: 2017.07.27. 12:00경 ‘서산 석림 RAON Private 공동주택 신축공사’현장 103동 23층옥탑에서 외벽에 설치된 갱폼작업 중 지상으로 추락하여 사망함
작업공사_v2_세부분류:
[2] assistant: 비계 조립 및 해체 작업
[0] system: 당신은 사고 사례를 특정 작업공사로 분류하는 고급 AI입니다. 사고 사례의 설명을 받게 되면, 이를 사전에 정의된 작업공사에 따라 분류하는 것이 당신의 임무입니다. 용어와 문맥을 이해하여 최상의 분류를 수행하세요. 대답은 각설하고 해당하는 작업공사만 답합니다. 다음은 분류해야 할 작업공사 목록입니다:

비계 조립 및 해체 작업
양중기 설치 연장 해체 작업
양중기 설치 연장 해체 작업 및 천공 항타 작업
흙막이 지보공 조립·해체 작업
건설기계 사용 작업
안전시설물 설치 및 해체 작업
양중기 설치 및 해체 작업
가설전기 작업
기타 작업(밀폐공간 내 작업, 같은 장소에서 둘 이상의 공정이 동시에 진행되는 작업

[1] user: 재해개요: 망.***은 부영아파트 신축공사장 인부로써, 2017. 3. 28. 15:20경 창원시 마산합포구 해운동 소재 부영아파트 신축공사현장에서, 아파트 138동 4층 외벽에 설치된 안전발판 위에서 벽면 견출작업을 하던 중 변사자가 밟고 있던 안전발판의 용접 부분이 파손되어 떨어지며 11.7m 높이의 1층 바닥 아래로 추락하여 중등두부외상으로 사망한 것임.
작업공사_v2_세부분류:
[2] assistant: 안전시설물 설치 및 해체 작업
[0] system: 당신은 사고 사례를 특정 작업공사로 분류하는 고급 AI입니다. 사고 사례의 설명을 받게 되면, 이를 사전에 정의된 작업공사에 따라 분류하는 것이 당신의 임무입니다. 용어와 문맥을 이해하여 최상의 분류를 수행하세요. 대답은 각설하고 해당하는 작업공사만 답합니다. 다음은 분류해야 할 작업공사 목록입니다:

비계 조립 및 해체 작업
양중기 설치 연장 해체 작업
양중기 설치 연장 해체 작업 및 천공 항타 작업
흙막이 지보공 조립·해체 작업
건설기계 사용 작업
안전시설물 설치 및 해체 작업
양중기 설치 및 해체 작업
가설전기 작업
기타 작업(밀폐공간 내 작업, 같은 장소에서 둘 이상의 공정이 동시에 진행되는 작업

[1] user: 재해개요: 2018.01.16.(화) 오후 13:30분경 부산시 금정구 소재 ㈜동신에서 시공하는 부산대학교 기숙사 신축 임대형 민자사업(BTL)현장에서 협력업체인 수주건설(주) 소속 재해자 ***(미장공, 57세, 남)이 건물 6층 발코니에 설치된 말비계 상부에서 실내 견출 작업을 진행하던 중 몸의 중심을 잃고 말비계에서 발코니 창호구간 바깥쪽 지상으로 떨어져 (H≒17m) 사망한 재해임.
작업공사_v2_세부분류:
[2] assistant: 비계 조립 및 해체 작업
[0] system: 당신은 사고 사례를 특정 작업공사로 분류하는 고급 AI입니다. 사고 사례의 설명을 받게 되면, 이를 사전에 정의된 작업공사에 따라 분류하는 것이 당신의 임무입니다. 용어와 문맥을 이해하여 최상의 분류를 수행하세요. 대답은 각설하고 해당하는 작업공사만 답합니다. 다음은 분류해야 할 작업공사 목록입니다:

비계 조립 및 해체 작업
양중기 설치 연장 해체 작업
양중기 설치 연장 해체 작업 및 천공 항타 작업
흙막이 지보공 조립·해체 작업
건설기계 사용 작업
안전시설물 설치 및 해체 작업
양중기 설치 및 해체 작업
가설전기 작업
기타 작업(밀폐공간 내 작업, 같은 장소에서 둘 이상의 공정이 동시에 진행되는 작업

[1] user: 재해개요: 고인은 재해 당일 공사현장 작업 중 추락하여 바닥에 부딪혀 사망함
작업공사_v2_세부분류:
[2] assistant: 비계 조립 및 해체 작업
[0] system: 당신은 사고 사례를 특정 작업공사로 분류하는 고급 AI입니다. 사고 사례의 설명을 받게 되면, 이를 사전에 정의된 작업공사에 따라 분류하는 것이 당신의 임무입니다. 용어와 문맥을 이해하여 최상의 분류를 수행하세요. 대답은 각설하고 해당하는 작업공사만 답합니다. 다음은 분류해야 할 작업공사 목록입니다:

비계 조립 및 해체 작업
양중기 설치 연장 해체 작업
양중기 설치 연장 해체 작업 및 천공 항타 작업
흙막이 지보공 조립·해체 작업
건설기계 사용 작업
안전시설물 설치 및 해체 작업
양중기 설치 및 해체 작업
가설전기 작업
기타 작업(밀폐공간 내 작업, 같은 장소에서 둘 이상의 공정이 동시에 진행되는 작업

[1] user: 재해개요: 2018.2.28.(수) 13:10분경, 의정부시 의정부동 소재 해유건설(주) 의정부동 138-6 오피스텔 건설현장 지상 15층 바닥에서 갱폼 인양작업 중 갑작스러운 돌풍으로 인하여 갱폼이 약90°회전하면서 갱폼 고정용 와이어로프를 이용하여 인양 위치를 조정하던 재해자가 지상으로 추락(42m)하여 사망.
작업공사_v2_세부분류:
[2] assistant: 건설기계 사용 작업
[0] system: 당신은 사고 사례를 특정 작업공사로 분류하는 고급 AI입니다. 사고 사례의 설명을 받게 되면, 이를 사전에 정의된 작업공사에 따라 분류하는 것이 당신의 임무입니다. 용어와 문맥을 이해하여 최상의 분류를 수행하세요. 대답은 각설하고 해당하는 작업공사만 답합니다. 다음은 분류해야 할 작업공사 목록입니다:

비계 조립 및 해체 작업
양중기 설치 연장 해체 작업
양중기 설치 연장 해체 작업 및 천공 항타 작업
흙막이 지보공 조립·해체 작업
건설기계 사용 작업
안전시설물 설치 및 해체 작업
양중기 설치 및 해체 작업
가설전기 작업
기타 작업(밀폐공간 내 작업, 같은 장소에서 둘 이상의 공정이 동시에 진행되는 작업

[1] user: 재해개요: 재해자는 2018.2.26. 13:10경 세종시 어진동 1-5생활권 C20-1블럭 호텔신축공사현장에서 지상 3층 외벽(지상 8.5m 높이)의 안전방망(추락/낙하방지망 겸용) 설치 작업 중 몸의 중심을 잃고 지상바닥으로 떨어져 사망함
작업공사_v2_세부분류:
[2] assistant: 안전시설물 설치 및 해체 작업
[0] system: 당신은 사고 사례를 특정 작업공사로 분류하는 고급 AI입니다. 사고 사례의 설명을 받게 되면, 이를 사전에 정의된 작업공사에 따라 분류하는 것이 당신의 임무입니다. 용어와 문맥을 이해하여 최상의 분류를 수행하세요. 대답은 각설하고 해당하는 작업공사만 답합니다. 다음은 분류해야 할 작업공사 목록입니다:

비계 조립 및 해체 작업
양중기 설치 연장 해체 작업
양중기 설치 연장 해체 작업 및 천공 항타 작업
흙막이 지보공 조립·해체 작업
건설기계 사용 작업
안전시설물 설치 및 해체 작업
양중기 설치 및 해체 작업
가설전기 작업
기타 작업(밀폐공간 내 작업, 같은 장소에서 둘 이상의 공정이 동시에 진행되는 작업

[1] user: 재해개요: 1층 낙하물방지망 유지보수 작업 중 추락.
작업공사_v2_세부분류:
[2] assistant: 안전시설물 설치 및 해체 작업
[0] system: 당신은 사고 사례를 특정 작업공사로 분류하는 고급 AI입니다. 사고 사례의 설명을 받게 되면, 이를 사전에 정의된 작업공사에 따라 분류하는 것이 당신의 임무입니다. 용어와 문맥을 이해하여 최상의 분류를 수행하세요. 대답은 각설하고 해당하는 작업공사만 답합니다. 다음은 분류해야 할 작업공사 목록입니다:

비계 조립 및 해체 작업
양중기 설치 연장 해체 작업
양중기 설치 연장 해체 작업 및 천공 항타 작업
흙막이 지보공 조립·해체 작업
건설기계 사용 작업
안전시설물 설치 및 해체 작업
양중기 설치 및 해체 작업
가설전기 작업
기타 작업(밀폐공간 내 작업, 같은 장소에서 둘 이상의 공정이 동시에 진행되는 작업

[1] user: 재해개요: 故 ***는 '용답동 한성자동차 정비공장 신축공사' 철근콘크리트 공사 현장에서 2019. 1. 11. 오전 8시 40분경 지하2층 2구간 합벽 및 기둥 콘크리트 타설작업을 하던 중 흙막이가설 2단 코너 스트러트(H-BEAM) 상부에서 콘크리트 바이브레이터를 2인 1조로 작업하며 이동하다가 발을 헛디뎌 빔과 빔 사이 4m 아래로 추락하면서 중상을 입고 119를 통해 한양대학교병원으로 응급 후송하여 심폐소생술 등을 시행하였으나 같은 날 12시 01분경 '외상성 혈기흉'으로 사망한 사건임
작업공사_v2_세부분류:
[2] assistant: 흙막이 지보공 조립·해체 작업
[0] system: 당신은 사고 사례를 특정 작업공사로 분류하는 고급 AI입니다. 사고 사례의 설명을 받게 되면, 이를 사전에 정의된 작업공사에 따라 분류하는 것이 당신의 임무입니다. 용어와 문맥을 이해하여 최상의 분류를 수행하세요. 대답은 각설하고 해당하는 작업공사만 답합니다. 다음은 분류해야 할 작업공사 목록입니다:

비계 조립 및 해체 작업
양중기 설치 연장 해체 작업
양중기 설치 연장 해체 작업 및 천공 항타 작업
흙막이 지보공 조립·해체 작업
건설기계 사용 작업
안전시설물 설치 및 해체 작업
양중기 설치 및 해체 작업
가설전기 작업
기타 작업(밀폐공간 내 작업, 같은 장소에서 둘 이상의 공정이 동시에 진행되는 작업

[1] user: 재해개요: 재해자는 비계공으로 2018.1.5. 14:50경 (주)남경엔종합건설에서 시공하는 부산 사상구 사상로478번길 20-8(모라동 857) 소재 공동주택 및 오피스텔 신축공사현장 9층 외벽에 설치된 비계 위에서 비계파이프를 설치하는 작업 중 심한 바람이 불어 양손에 들고 있던 비계쇠파이프(지름 5cm, 길이 6m)의 무게를 견디지 못하고 휘청거리다가 바닥으로 추락(안전고리 미착용)하여 119구급차에 의해 부산대학교병원으로 응급후송되었으나 같은 날 16:06경 사망(사망진단서상 '직접사인 : 외상성 혈기흉, 선행사인 : 낙상') 하였음
작업공사_v2_세부분류:
[2] assistant: 비계 조립 및 해체 작업
[0] system: 당신은 사고 사례를 특정 작업공사로 분류하는 고급 AI입니다. 사고 사례의 설명을 받게 되면, 이를 사전에 정의된 작업공사에 따라 분류하는 것이 당신의 임무입니다. 용어와 문맥을 이해하여 최상의 분류를 수행하세요. 대답은 각설하고 해당하는 작업공사만 답합니다. 다음은 분류해야 할 작업공사 목록입니다:

비계 조립 및 해체 작업
양중기 설치 연장 해체 작업
양중기 설치 연장 해체 작업 및 천공 항타 작업
흙막이 지보공 조립·해체 작업
건설기계 사용 작업
안전시설물 설치 및 해체 작업
양중기 설치 및 해체 작업
가설전기 작업
기타 작업(밀폐공간 내 작업, 같은 장소에서 둘 이상의 공정이 동시에 진행되는 작업

[1] user: 재해개요: 2019. 1. 14.(월) 10:25경 사고현장의 주차타워 내부 비계 위에서 고인 2명이 타워크레인으로 인양되는 비계재료를 받기 위해 신호 및 대기를 하던 중 지상 14층 주차타워 개구부 단부에 설치된 안전난간에 인양하물이 걸려 기울어지면서 강관파이프 등 비계재료가 줄걸이에서 이탈되어 약27미터 아래에 있던 고인 2명이 떨어지는 비계재료에 맞거나 피하던 중 지하바닥으로 추락하여 사망
작업공사_v2_세부분류:
[2] assistant: 비계 조립 및 해체 작업
[0] system: 당신은 사고 사례를 특정 작업공사로 분류하는 고급 AI입니다. 사고 사례의 설명을 받게 되면, 이를 사전에 정의된 작업공사에 따라 분류하는 것이 당신의 임무입니다. 용어와 문맥을 이해하여 최상의 분류를 수행하세요. 대답은 각설하고 해당하는 작업공사만 답합니다. 다음은 분류해야 할 작업공사 목록입니다:

비계 조립 및 해체 작업
양중기 설치 연장 해체 작업
양중기 설치 연장 해체 작업 및 천공 항타 작업
흙막이 지보공 조립·해체 작업
건설기계 사용 작업
안전시설물 설치 및 해체 작업
양중기 설치 및 해체 작업
가설전기 작업
기타 작업(밀폐공간 내 작업, 같은 장소에서 둘 이상의 공정이 동시에 진행되는 작업

[1] user: 재해개요: 2019. 1. 14.(월) 10:25경 사고현장의 주차타워 내부 비계 위에서 고인 2명이 타워크레인으로 인양되는 비계재료를 받기 위해 신호 및 대기를 하던 중 지상 14층 주차타워 개구부 단부에 설치된 안전난간에 인양하물이 걸려 기울어지면서 강관파이프 등 비계재료가 줄걸이에서 이탈되어 약27미터 아래에 있던 고인 2명이 떨어지는 비계재료에 맞거나 피하던 중 지하바닥으로 추락하여 사망
작업공사_v2_세부분류:
[2] assistant: 양중기 설치 및 해체 작업
[0] system: 당신은 사고 사례를 특정 작업공사로 분류하는 고급 AI입니다. 사고 사례의 설명을 받게 되면, 이를 사전에 정의된 작업공사에 따라 분류하는 것이 당신의 임무입니다. 용어와 문맥을 이해하여 최상의 분류를 수행하세요. 대답은 각설하고 해당하는 작업공사만 답합니다. 다음은 분류해야 할 작업공사 목록입니다:

비계 조립 및 해체 작업
양중기 설치 연장 해체 작업
양중기 설치 연장 해체 작업 및 천공 항타 작업
흙막이 지보공 조립·해체 작업
건설기계 사용 작업
안전시설물 설치 및 해체 작업
양중기 설치 및 해체 작업
가설전기 작업
기타 작업(밀폐공간 내 작업, 같은 장소에서 둘 이상의 공정이 동시에 진행되는 작업

[1] user: 재해개요: (주)한창종합건설의 '용인시 기흥구 서현동 809 서천지구 더블스카이 신축공사 현장' 일용근로자인 재해자는 2019.01.09. 10:20경 건물 배면 지상 1층 외부에서 동절기 단열용 보양천막을 설치하던 중, 환기구 개구부(3,200mm×1,550mm)를 통해 약 12m 아래 지하 3층 콘크리트 바닥으로 떨어져 사망함.(한국산업 안전보건공단 재해조사서 참조)
작업공사_v2_세부분류:
[2] assistant: 안전시설물 설치 및 해체 작업
[0] system: 당신은 사고 사례를 특정 작업공사로 분류하는 고급 AI입니다. 사고 사례의 설명을 받게 되면, 이를 사전에 정의된 작업공사에 따라 분류하는 것이 당신의 임무입니다. 용어와 문맥을 이해하여 최상의 분류를 수행하세요. 대답은 각설하고 해당하는 작업공사만 답합니다. 다음은 분류해야 할 작업공사 목록입니다:

비계 조립 및 해체 작업
양중기 설치 연장 해체 작업
양중기 설치 연장 해체 작업 및 천공 항타 작업
흙막이 지보공 조립·해체 작업
건설기계 사용 작업
안전시설물 설치 및 해체 작업
양중기 설치 및 해체 작업
가설전기 작업
기타 작업(밀폐공간 내 작업, 같은 장소에서 둘 이상의 공정이 동시에 진행되는 작업

[1] user: 재해개요: 2019. 3. 12.(화) 09:10경 협력업체 도원조경 소속 피재자 ***가 동료근로자  4명과 함께 골프장 11번 홀 훼손된 잔디 이식작업중 주변에서 불어온 강한   바람과 함께 많은 먼지 발생 후 동료근로자들 옆에 쓰러져 119구조대 차량으로 인근 병원으로 이송되었으나 사망한 재해임(재해발생 당시 함께 작업한 근로자 목격 진술과 국립과학수사연구원 감정 결과 내용에 의거, 피재자가 강풍에 날아온 합판에 신체의 등 부위를 맞았다는 가정하에 본 조사보고서를 작성함/재해조사 의견서상 재해발생 경위임)
작업공사_v2_세부분류:
[2] assistant: 기타 작업
[0] system: 당신은 사고 사례를 특정 작업공사로 분류하는 고급 AI입니다. 사고 사례의 설명을 받게 되면, 이를 사전에 정의된 작업공사에 따라 분류하는 것이 당신의 임무입니다. 용어와 문맥을 이해하여 최상의 분류를 수행하세요. 대답은 각설하고 해당하는 작업공사만 답합니다. 다음은 분류해야 할 작업공사 목록입니다:

비계 조립 및 해체 작업
양중기 설치 연장 해체 작업
양중기 설치 연장 해체 작업 및 천공 항타 작업
흙막이 지보공 조립·해체 작업
건설기계 사용 작업
안전시설물 설치 및 해체 작업
양중기 설치 및 해체 작업
가설전기 작업
기타 작업(밀폐공간 내 작업, 같은 장소에서 둘 이상의 공정이 동시에 진행되는 작업

[1] user: 재해개요: 2019.04.11(목) 15:00경 (주)은성산업이 시공중인 인천 남동구 소재 남동테크노타워 지식산업센터 신축공사 현장에서 시공사 협력업체인 (주)홍익건설 소속의 갱폼인양 작업자인 재해자가 지상에서 약 36m 높이의 지상7층 외부에 설치되어 있던 갱폼을 8층으로 인양 작업 중 지상1층 바닥으로 떨어져 병원으로 후송하였으나 재해당일 15:23경 사망함.
작업공사_v2_세부분류:
[2] assistant: 양중기 설치 연장 해체 작업
[0] system: 당신은 사고 사례를 특정 작업공사로 분류하는 고급 AI입니다. 사고 사례의 설명을 받게 되면, 이를 사전에 정의된 작업공사에 따라 분류하는 것이 당신의 임무입니다. 용어와 문맥을 이해하여 최상의 분류를 수행하세요. 대답은 각설하고 해당하는 작업공사만 답합니다. 다음은 분류해야 할 작업공사 목록입니다:

비계 조립 및 해체 작업
양중기 설치 연장 해체 작업
양중기 설치 연장 해체 작업 및 천공 항타 작업
흙막이 지보공 조립·해체 작업
건설기계 사용 작업
안전시설물 설치 및 해체 작업
양중기 설치 및 해체 작업
가설전기 작업
기타 작업(밀폐공간 내 작업, 같은 장소에서 둘 이상의 공정이 동시에 진행되는 작업

[1] user: 재해개요: 2019. 3. 18. 15:00경 경북 김천시 대항면 운수리 92번지 ‘황악산 하야로비공원 건축공사’ 현장 내 문화박물관 옥외전시장 계단실 위 비계조립을 마친 후 내려오던 중 안전난간대 설치구간에서 비계발판 첫단 2미 높이에서 넘어오다가 넘어지면서 바닥으로 추락하였으며, 119구급차로 병원으로 후송하여 ‘경추간판 장애(C5-6/C6-7), 열린 두 개내 상처가 없는 진탕’으로 치료 중 폐렴이 발생하여 급성호흡부전으로 건양대학교병원으로 이송하여 치료 중 2019. 5. 1. 직접사인 ‘급성호흡곤란 증후군, 폐렴’으로 사망한 재해임.
작업공사_v2_세부분류:
[2] assistant: 비계 조립 및 해체 작업
[0] system: 당신은 사고 사례를 특정 작업공사로 분류하는 고급 AI입니다. 사고 사례의 설명을 받게 되면, 이를 사전에 정의된 작업공사에 따라 분류하는 것이 당신의 임무입니다. 용어와 문맥을 이해하여 최상의 분류를 수행하세요. 대답은 각설하고 해당하는 작업공사만 답합니다. 다음은 분류해야 할 작업공사 목록입니다:

비계 조립 및 해체 작업
양중기 설치 연장 해체 작업
양중기 설치 연장 해체 작업 및 천공 항타 작업
흙막이 지보공 조립·해체 작업
건설기계 사용 작업
안전시설물 설치 및 해체 작업
양중기 설치 및 해체 작업
가설전기 작업
기타 작업(밀폐공간 내 작업, 같은 장소에서 둘 이상의 공정이 동시에 진행되는 작업

[1] user: 재해개요: 2019. 5. 21. 10:15경 광주광역시 쌍암동 소재 첨단대라수 어썸시티 주상복합 신축공사 현장에서 협력업체 제일건설(주)(철근콘크리트 공사 및 가설공사) 소속 재해자 ***이 추락 방호망(낙하물방지망 겸용)에 떨어져 있는 공사 잔재물 및 쓰레기를 치우는 작업을 하기 위하여, 지상 7층에 위치한 추락 방호망 위로 올라가 이동하며 작업하던 중 철선으로 연결된 추락 방호망 구간을 밟는 순간 철선이 파단되며 약 7.7m 아래 지상 5층 바닥으로 추락하여 의료기관에 이송되었으나 다발성 장기파열로 2019. 5. 21. 11:02 사망한 재해임.
작업공사_v2_세부분류:
[2] assistant: 안전시설물 설치 및 해체 작업
[0] system: 당신은 사고 사례를 특정 작업공사로 분류하는 고급 AI입니다. 사고 사례의 설명을 받게 되면, 이를 사전에 정의된 작업공사에 따라 분류하는 것이 당신의 임무입니다. 용어와 문맥을 이해하여 최상의 분류를 수행하세요. 대답은 각설하고 해당하는 작업공사만 답합니다. 다음은 분류해야 할 작업공사 목록입니다:

비계 조립 및 해체 작업
양중기 설치 연장 해체 작업
양중기 설치 연장 해체 작업 및 천공 항타 작업
흙막이 지보공 조립·해체 작업
건설기계 사용 작업
안전시설물 설치 및 해체 작업
양중기 설치 및 해체 작업
가설전기 작업
기타 작업(밀폐공간 내 작업, 같은 장소에서 둘 이상의 공정이 동시에 진행되는 작업

[1] user: 재해개요: 2019.03.10. 15:32경 인천 서구에 소재한 일주건설(주)가 시공중인 ‘청라 레이크 봄 신축공사’ 현장에서 협력업체 재인건설(주) 소속 근로자 이학범이 지상 1층 보 상부에 서서 측면 거푸집 조립작업중 몸의 중심을 잃고 지하 1층 바닥(높이 3.6m)으로 떨어져 병원으로 후송 치료중 2019.03.18. 23:10경 사망함.
작업공사_v2_세부분류:
[2] assistant: 안전시설물 설치 및 해체 작업
[0] system: 당신은 사고 사례를 특정 작업공사로 분류하는 고급 AI입니다. 사고 사례의 설명을 받게 되면, 이를 사전에 정의된 작업공사에 따라 분류하는 것이 당신의 임무입니다. 용어와 문맥을 이해하여 최상의 분류를 수행하세요. 대답은 각설하고 해당하는 작업공사만 답합니다. 다음은 분류해야 할 작업공사 목록입니다:

비계 조립 및 해체 작업
양중기 설치 연장 해체 작업
양중기 설치 연장 해체 작업 및 천공 항타 작업
흙막이 지보공 조립·해체 작업
건설기계 사용 작업
안전시설물 설치 및 해체 작업
양중기 설치 및 해체 작업
가설전기 작업
기타 작업(밀폐공간 내 작업, 같은 장소에서 둘 이상의 공정이 동시에 진행되는 작업

[1] user: 재해개요: 망인은 ’19. 6. 17. 14:20경 ㈜동림건설에서 시공 중인 부산 동구 초량 1193-1 소재 ‘흥국생명 부산사옥 업무시설 신축공사’ 현장에서 안전난간 설치작업 중 지하 6층 바닥으로 추락, 119로 후송하였으나 당일 의료기관에서 사망한 경위임.
작업공사_v2_세부분류:
[2] assistant: 안전시설물 설치 및 해체 작업
[0] system: 당신은 사고 사례를 특정 작업공사로 분류하는 고급 AI입니다. 사고 사례의 설명을 받게 되면, 이를 사전에 정의된 작업공사에 따라 분류하는 것이 당신의 임무입니다. 용어와 문맥을 이해하여 최상의 분류를 수행하세요. 대답은 각설하고 해당하는 작업공사만 답합니다. 다음은 분류해야 할 작업공사 목록입니다:

비계 조립 및 해체 작업
양중기 설치 연장 해체 작업
양중기 설치 연장 해체 작업 및 천공 항타 작업
흙막이 지보공 조립·해체 작업
건설기계 사용 작업
안전시설물 설치 및 해체 작업
양중기 설치 및 해체 작업
가설전기 작업
기타 작업(밀폐공간 내 작업, 같은 장소에서 둘 이상의 공정이 동시에 진행되는 작업

[1] user: 재해개요: - 일    시 : 2019. 8. 23.(금) 14:15경
 - 장    소 : 용인시 기흥구 고매동 ‘이케아 기흥점 신축공사’현장 
 - 발생경위 : 상기 일시 및 장소에서 고인이 지상3층 주차장 지붕 처마 물받이 설치 작업 중 건물배면 지상1층 하역장 지붕공사 작업구간으로               이동하다가 개구부(폭 45cm)를 통해 약 13.3m 아래 지하 2층 바닥으로 추락하여 사망함.
              (한국산업안전보건공단 재해조사 의견서 상)
작업공사_v2_세부분류:
[2] assistant: 안전시설물 설치 및 해체 작업
[0] system: 당신은 사고 사례를 특정 작업공사로 분류하는 고급 AI입니다. 사고 사례의 설명을 받게 되면, 이를 사전에 정의된 작업공사에 따라 분류하는 것이 당신의 임무입니다. 용어와 문맥을 이해하여 최상의 분류를 수행하세요. 대답은 각설하고 해당하는 작업공사만 답합니다. 다음은 분류해야 할 작업공사 목록입니다:

비계 조립 및 해체 작업
양중기 설치 연장 해체 작업
양중기 설치 연장 해체 작업 및 천공 항타 작업
흙막이 지보공 조립·해체 작업
건설기계 사용 작업
안전시설물 설치 및 해체 작업
양중기 설치 및 해체 작업
가설전기 작업
기타 작업(밀폐공간 내 작업, 같은 장소에서 둘 이상의 공정이 동시에 진행되는 작업

[1] user: 재해개요: 2020. 2. 27. 09:20경 경기 김포시 통진읍 마송리 소재 남해종합건설(주) 김포마송주공 B-5BL 아파트 공사현장(502동)에서 재해자 ***이 낙하물 방지망을 추가 설치하기 위해 4층 에어컨 실외기 설치용 바닥에서 와이어 로프 길이를 조절하던 중 지상 콘크리트 바닥으로 추락하여 사망한 재해
작업공사_v2_세부분류:
[2] assistant: 안전시설물 설치 및 해체 작업
[0] system: 당신은 사고 사례를 특정 작업공사로 분류하는 고급 AI입니다. 사고 사례의 설명을 받게 되면, 이를 사전에 정의된 작업공사에 따라 분류하는 것이 당신의 임무입니다. 용어와 문맥을 이해하여 최상의 분류를 수행하세요. 대답은 각설하고 해당하는 작업공사만 답합니다. 다음은 분류해야 할 작업공사 목록입니다:

비계 조립 및 해체 작업
양중기 설치 연장 해체 작업
양중기 설치 연장 해체 작업 및 천공 항타 작업
흙막이 지보공 조립·해체 작업
건설기계 사용 작업
안전시설물 설치 및 해체 작업
양중기 설치 및 해체 작업
가설전기 작업
기타 작업(밀폐공간 내 작업, 같은 장소에서 둘 이상의 공정이 동시에 진행되는 작업

[1] user: 재해개요: 재해자는 (주)대우건설-구월동 현장 근로자로 2020. 5. 23. 14:30경 트러스 설치 준비 작업 중 비계와 건물 사이 틈으로 떨어져 부상함.
작업공사_v2_세부분류:
[2] assistant: 비계 조립 및 해체 작업
[0] system: 당신은 사고 사례를 특정 작업공사로 분류하는 고급 AI입니다. 사고 사례의 설명을 받게 되면, 이를 사전에 정의된 작업공사에 따라 분류하는 것이 당신의 임무입니다. 용어와 문맥을 이해하여 최상의 분류를 수행하세요. 대답은 각설하고 해당하는 작업공사만 답합니다. 다음은 분류해야 할 작업공사 목록입니다:

비계 조립 및 해체 작업
양중기 설치 연장 해체 작업
양중기 설치 연장 해체 작업 및 천공 항타 작업
흙막이 지보공 조립·해체 작업
건설기계 사용 작업
안전시설물 설치 및 해체 작업
양중기 설치 및 해체 작업
가설전기 작업
기타 작업(밀폐공간 내 작업, 같은 장소에서 둘 이상의 공정이 동시에 진행되는 작업

[1] user: 재해개요: 2020년6월29일 10시20분경 구리 남양시장 정비사업 주상복합 신축현장에서 재해자가 지하3층 형틀 자재정리를위해 타워크레인으로 자재인양구를 통해 지게차(2톤)를 지하3층 자재인양구 상부(각 파이프 위 합판설치)에 내리고 슬링벨트를 푼 상태에서 슬링벨트가 지게차 바퀴에 깔려있어 슬링벨트를 뺄려고 지게차를 이동시키는 순간 자재인양구 상부에 깔아놓은 합판이 밀리면서 지하4층으로 지게차와 함께 추락(H=11.4M)하여 지게차에 협착
작업공사_v2_세부분류:
[2] assistant: 건설기계 사용 작업
[0] system: 당신은 사고 사례를 특정 작업공사로 분류하는 고급 AI입니다. 사고 사례의 설명을 받게 되면, 이를 사전에 정의된 작업공사에 따라 분류하는 것이 당신의 임무입니다. 용어와 문맥을 이해하여 최상의 분류를 수행하세요. 대답은 각설하고 해당하는 작업공사만 답합니다. 다음은 분류해야 할 작업공사 목록입니다:

비계 조립 및 해체 작업
양중기 설치 연장 해체 작업
양중기 설치 연장 해체 작업 및 천공 항타 작업
흙막이 지보공 조립·해체 작업
건설기계 사용 작업
안전시설물 설치 및 해체 작업
양중기 설치 및 해체 작업
가설전기 작업
기타 작업(밀폐공간 내 작업, 같은 장소에서 둘 이상의 공정이 동시에 진행되는 작업

[1] user: 재해개요: 2020.6.10. 9:58경 대구시 동구 신천동 소재 근린생활시설 신축공사 현장에서 협력업에 소속 재해자가 기존도로 상의 전주에서 가설전선 인입작업 완료 후 가설전선을 전주에 고정하던 중 약4m 아래 기존도로 바닥으로 추락하여 사망한 재해임
작업공사_v2_세부분류:
[2] assistant: 가설전기 작업
[0] system: 당신은 사고 사례를 특정 작업공사로 분류하는 고급 AI입니다. 사고 사례의 설명을 받게 되면, 이를 사전에 정의된 작업공사에 따라 분류하는 것이 당신의 임무입니다. 용어와 문맥을 이해하여 최상의 분류를 수행하세요. 대답은 각설하고 해당하는 작업공사만 답합니다. 다음은 분류해야 할 작업공사 목록입니다:

비계 조립 및 해체 작업
양중기 설치 연장 해체 작업
양중기 설치 연장 해체 작업 및 천공 항타 작업
흙막이 지보공 조립·해체 작업
건설기계 사용 작업
안전시설물 설치 및 해체 작업
양중기 설치 및 해체 작업
가설전기 작업
기타 작업(밀폐공간 내 작업, 같은 장소에서 둘 이상의 공정이 동시에 진행되는 작업

[1] user: 재해개요: 154kV 신강진-강진T/L No.20-23지장송전선로 이설공사 현장에서 작업중지로 송전탑에서 내려오던 중 추락하여 병원으로 이송하여 심폐소생술을 실시 하였으나 사망
작업공사_v2_세부분류:
[2] assistant: 가설전기 작업
[0] system: 당신은 사고 사례를 특정 작업공사로 분류하는 고급 AI입니다. 사고 사례의 설명을 받게 되면, 이를 사전에 정의된 작업공사에 따라 분류하는 것이 당신의 임무입니다. 용어와 문맥을 이해하여 최상의 분류를 수행하세요. 대답은 각설하고 해당하는 작업공사만 답합니다. 다음은 분류해야 할 작업공사 목록입니다:

비계 조립 및 해체 작업
양중기 설치 연장 해체 작업
양중기 설치 연장 해체 작업 및 천공 항타 작업
흙막이 지보공 조립·해체 작업
건설기계 사용 작업
안전시설물 설치 및 해체 작업
양중기 설치 및 해체 작업
가설전기 작업
기타 작업(밀폐공간 내 작업, 같은 장소에서 둘 이상의 공정이 동시에 진행되는 작업

[1] user: 재해개요: ***이 2021.3.17. 11:15경 염창동G트리타워신축공사 지하1층 바닥의 콘크리트타설 준비를 위한 드라이에리어부분 형틀준비작업 중 지하 4층 바닥으로 추락하여 현장소장이 응급처치하고 직영반장이 119신고 후 11:45경 이대서울병원으로 이송하였으나 12:35경 사망함
작업공사_v2_세부분류:
[2] assistant: 안전시설물 설치 및 해체 작업
[0] system: 당신은 사고 사례를 특정 작업공사로 분류하는 고급 AI입니다. 사고 사례의 설명을 받게 되면, 이를 사전에 정의된 작업공사에 따라 분류하는 것이 당신의 임무입니다. 용어와 문맥을 이해하여 최상의 분류를 수행하세요. 대답은 각설하고 해당하는 작업공사만 답합니다. 다음은 분류해야 할 작업공사 목록입니다:

비계 조립 및 해체 작업
양중기 설치 연장 해체 작업
양중기 설치 연장 해체 작업 및 천공 항타 작업
흙막이 지보공 조립·해체 작업
건설기계 사용 작업
안전시설물 설치 및 해체 작업
양중기 설치 및 해체 작업
가설전기 작업
기타 작업(밀폐공간 내 작업, 같은 장소에서 둘 이상의 공정이 동시에 진행되는 작업

[1] user: 재해개요: 고인은 2021. 6.22 16:10경 동성건설(주)의 청주 사창동 도시형생활주택 주상복합신축공사 협력사 ㈜에이치비건설 소속 비계공으로 근무중 지하에서 시스템 비계의 수평재 위에서 멍에를 전달받던 중에 약 8미터 높이에서 추락하였고 충북대학교병원으로 후송되었으나 사망한 재해임
작업공사_v2_세부분류:
[2] assistant: 비계 조립 및 해체 작업
[0] system: 당신은 사고 사례를 특정 작업공사로 분류하는 고급 AI입니다. 사고 사례의 설명을 받게 되면, 이를 사전에 정의된 작업공사에 따라 분류하는 것이 당신의 임무입니다. 용어와 문맥을 이해하여 최상의 분류를 수행하세요. 대답은 각설하고 해당하는 작업공사만 답합니다. 다음은 분류해야 할 작업공사 목록입니다:

비계 조립 및 해체 작업
양중기 설치 연장 해체 작업
양중기 설치 연장 해체 작업 및 천공 항타 작업
흙막이 지보공 조립·해체 작업
건설기계 사용 작업
안전시설물 설치 및 해체 작업
양중기 설치 및 해체 작업
가설전기 작업
기타 작업(밀폐공간 내 작업, 같은 장소에서 둘 이상의 공정이 동시에 진행되는 작업

[1] user: 재해개요: 고인은 2021.05.25. 광주 서구 화정동 소재 광주화정 골드클래스 주상복합신축공사현장 103동 5∼6층 계단에 설치된 말비계 작업발판위에서 견출작업 중 5층 계단실 바닥으로 떨어져 사망한 재해임
작업공사_v2_세부분류:
[2] assistant: 비계 조립 및 해체 작업
[0] system: 당신은 사고 사례를 특정 작업공사로 분류하는 고급 AI입니다. 사고 사례의 설명을 받게 되면, 이를 사전에 정의된 작업공사에 따라 분류하는 것이 당신의 임무입니다. 용어와 문맥을 이해하여 최상의 분류를 수행하세요. 대답은 각설하고 해당하는 작업공사만 답합니다. 다음은 분류해야 할 작업공사 목록입니다:

비계 조립 및 해체 작업
양중기 설치 연장 해체 작업
양중기 설치 연장 해체 작업 및 천공 항타 작업
흙막이 지보공 조립·해체 작업
건설기계 사용 작업
안전시설물 설치 및 해체 작업
양중기 설치 및 해체 작업
가설전기 작업
기타 작업(밀폐공간 내 작업, 같은 장소에서 둘 이상의 공정이 동시에 진행되는 작업

[1] user: 재해개요: 고인은 2022.01.18.(화) 07:49경 서울시 강동구 소재 「천호동 191-21 신축공사」 지상8층 엘리베이터 개구부에서 시멘트포대(40kg) 인양용 윈치 거치대(파이프 서포트) 설치 과정에서 몸의 균형을 잃고 지하1층 바닥으로 약 27미터 추락하여 사망함
작업공사_v2_세부분류:
[2] assistant: 양중기 설치 연장 해체 작업
[0] system: 당신은 사고 사례를 특정 작업공사로 분류하는 고급 AI입니다. 사고 사례의 설명을 받게 되면, 이를 사전에 정의된 작업공사에 따라 분류하는 것이 당신의 임무입니다. 용어와 문맥을 이해하여 최상의 분류를 수행하세요. 대답은 각설하고 해당하는 작업공사만 답합니다. 다음은 분류해야 할 작업공사 목록입니다:

비계 조립 및 해체 작업
양중기 설치 연장 해체 작업
양중기 설치 연장 해체 작업 및 천공 항타 작업
흙막이 지보공 조립·해체 작업
건설기계 사용 작업
안전시설물 설치 및 해체 작업
양중기 설치 및 해체 작업
가설전기 작업
기타 작업(밀폐공간 내 작업, 같은 장소에서 둘 이상의 공정이 동시에 진행되는 작업

[1] user: 재해개요: 2022.5.10.10:55경 제주외도이동 관광호텔 신축공사 현장에서 소음방지 방음판을 고정하는 과정에 강풍으로 방음판이 고인을 덮쳐 방음판에 깔려 사망한 재해임
작업공사_v2_세부분류:
[2] assistant: 안전시설물 설치 및 해체 작업
[0] system: 당신은 사고 사례를 특정 작업공사로 분류하는 고급 AI입니다. 사고 사례의 설명을 받게 되면, 이를 사전에 정의된 작업공사에 따라 분류하는 것이 당신의 임무입니다. 용어와 문맥을 이해하여 최상의 분류를 수행하세요. 대답은 각설하고 해당하는 작업공사만 답합니다. 다음은 분류해야 할 작업공사 목록입니다:

비계 조립 및 해체 작업
양중기 설치 연장 해체 작업
양중기 설치 연장 해체 작업 및 천공 항타 작업
흙막이 지보공 조립·해체 작업
건설기계 사용 작업
안전시설물 설치 및 해체 작업
양중기 설치 및 해체 작업
가설전기 작업
기타 작업(밀폐공간 내 작업, 같은 장소에서 둘 이상의 공정이 동시에 진행되는 작업

[1] user: 재해개요: 충남대로 홍성에서 내포방면 2차로에서 공사 중이던 피재자를 2차로로 진행하던 차량이 치어 사망함.
작업공사_v2_세부분류:
[2] assistant: 기타 작업
[0] system: 당신은 사고 사례를 특정 작업공사로 분류하는 고급 AI입니다. 사고 사례의 설명을 받게 되면, 이를 사전에 정의된 작업공사에 따라 분류하는 것이 당신의 임무입니다. 용어와 문맥을 이해하여 최상의 분류를 수행하세요. 대답은 각설하고 해당하는 작업공사만 답합니다. 다음은 분류해야 할 작업공사 목록입니다:

비계 조립 및 해체 작업
양중기 설치 연장 해체 작업
양중기 설치 연장 해체 작업 및 천공 항타 작업
흙막이 지보공 조립·해체 작업
건설기계 사용 작업
안전시설물 설치 및 해체 작업
양중기 설치 및 해체 작업
가설전기 작업
기타 작업(밀폐공간 내 작업, 같은 장소에서 둘 이상의 공정이 동시에 진행되는 작업

[1] user: 재해개요: 고인은 경기도 평택시 고덕동 1978-1에 위치한 평택 고덕국제화계획지구 (중상14-1-1) 근린생활 신축현장 내 지하2층에서 형틀 자재를 들고 이동 중 지하2층 바닥에 있던 자재에 발이 걸려 넘어지면서 바닥에 있던 개구부로 추락하는 사고를 당하여 119구급차로 평택 굿모닝병원으로 이송하여 치료를 받던 중 끝내 사망함.
작업공사_v2_세부분류:
[2] assistant: 안전시설물 설치 및 해체 작업
[0] system: 당신은 사고 사례를 특정 작업공사로 분류하는 고급 AI입니다. 사고 사례의 설명을 받게 되면, 이를 사전에 정의된 작업공사에 따라 분류하는 것이 당신의 임무입니다. 용어와 문맥을 이해하여 최상의 분류를 수행하세요. 대답은 각설하고 해당하는 작업공사만 답합니다. 다음은 분류해야 할 작업공사 목록입니다:

비계 조립 및 해체 작업
양중기 설치 연장 해체 작업
양중기 설치 연장 해체 작업 및 천공 항타 작업
흙막이 지보공 조립·해체 작업
건설기계 사용 작업
안전시설물 설치 및 해체 작업
양중기 설치 및 해체 작업
가설전기 작업
기타 작업(밀폐공간 내 작업, 같은 장소에서 둘 이상의 공정이 동시에 진행되는 작업

[1] user: 재해개요: 2022.10.5.08:40경 힐스테이트 자이 공사현장 2층에서 고인이 1층과 2층 사이에 연결된 사다리를 이용 아래로 내려가던중 지상으로 추락하여 사망함.
작업공사_v2_세부분류:
[2] assistant: 안전시설물 설치 및 해체 작업
[0] system: 당신은 사고 사례를 특정 작업공사로 분류하는 고급 AI입니다. 사고 사례의 설명을 받게 되면, 이를 사전에 정의된 작업공사에 따라 분류하는 것이 당신의 임무입니다. 용어와 문맥을 이해하여 최상의 분류를 수행하세요. 대답은 각설하고 해당하는 작업공사만 답합니다. 다음은 분류해야 할 작업공사 목록입니다:

비계 조립 및 해체 작업
양중기 설치 연장 해체 작업
양중기 설치 연장 해체 작업 및 천공 항타 작업
흙막이 지보공 조립·해체 작업
건설기계 사용 작업
안전시설물 설치 및 해체 작업
양중기 설치 및 해체 작업
가설전기 작업
기타 작업(밀폐공간 내 작업, 같은 장소에서 둘 이상의 공정이 동시에 진행되는 작업

[1] user: 재해개요: 2023.03.15.10:40경 군산시 개정면 운회리 891-13, 농지매립 작업 현장에서 이*철이 운전하는 06나7**5호 25.5t 덤프트럭 차량 뒤편 운전석 쪽 옆에서 덤프 적재함을 들어올려 흙(뻘)을 하차하게 끔 수신호를 하고 있었다. 그런데 덤프에 실려 있던 흙(뻘)이 한쪽으로 쏠리게 되었고 이때 덩어리 채 떨어진 흙덩이에 재해자의 머리부위 등 상반신에 맞게 되어 쓰러진 이후 119구굽대에 의해 원광대학교병원으로 후송되었으나, 치료중 사망함
작업공사_v2_세부분류:
[2] assistant: 건설기계 사용 작업
[0] system: 당신은 사고 사례를 특정 작업공사로 분류하는 고급 AI입니다. 사고 사례의 설명을 받게 되면, 이를 사전에 정의된 작업공사에 따라 분류하는 것이 당신의 임무입니다. 용어와 문맥을 이해하여 최상의 분류를 수행하세요. 대답은 각설하고 해당하는 작업공사만 답합니다. 다음은 분류해야 할 작업공사 목록입니다:

비계 조립 및 해체 작업
양중기 설치 연장 해체 작업
양중기 설치 연장 해체 작업 및 천공 항타 작업
흙막이 지보공 조립·해체 작업
건설기계 사용 작업
안전시설물 설치 및 해체 작업
양중기 설치 및 해체 작업
가설전기 작업
기타 작업(밀폐공간 내 작업, 같은 장소에서 둘 이상의 공정이 동시에 진행되는 작업

[1] user: 재해개요: 2023.02.21. 14:20경 대구 중구 동인동 소재 주상복합 신축공사 현장에서 101동 9층 외벽 타설을 위해 설치된 PCS폼의 중간 작업대에서 발끝막이판을 설치하던 중 약 23m 높이에서 추락하여 119를 이용하여 의료기관으로 이송하였으나 사망함.
작업공사_v2_세부분류:
[2] assistant: 안전시설물 설치 및 해체 작업
[0] system: 당신은 사고 사례를 특정 작업공사로 분류하는 고급 AI입니다. 사고 사례의 설명을 받게 되면, 이를 사전에 정의된 작업공사에 따라 분류하는 것이 당신의 임무입니다. 용어와 문맥을 이해하여 최상의 분류를 수행하세요. 대답은 각설하고 해당하는 작업공사만 답합니다. 다음은 분류해야 할 작업공사 목록입니다:

비계 조립 및 해체 작업
양중기 설치 연장 해체 작업
양중기 설치 연장 해체 작업 및 천공 항타 작업
흙막이 지보공 조립·해체 작업
건설기계 사용 작업
안전시설물 설치 및 해체 작업
양중기 설치 및 해체 작업
가설전기 작업
기타 작업(밀폐공간 내 작업, 같은 장소에서 둘 이상의 공정이 동시에 진행되는 작업

[1] user: 재해개요: 재해자는 2023.03.25. 12:50경 군산시 금암2길17 LH 군산금암 행복주택아파트 공사건물 3층 거푸집 공사현장에서 약 2미터 아래 바닥으로 추락하여 사망함
작업공사_v2_세부분류:
[2] assistant: 안전시설물 설치 및 해체 작업
[0] system: 당신은 사고 사례를 특정 작업공사로 분류하는 고급 AI입니다. 사고 사례의 설명을 받게 되면, 이를 사전에 정의된 작업공사에 따라 분류하는 것이 당신의 임무입니다. 용어와 문맥을 이해하여 최상의 분류를 수행하세요. 대답은 각설하고 해당하는 작업공사만 답합니다. 다음은 분류해야 할 작업공사 목록입니다:

비계 조립 및 해체 작업
양중기 설치 연장 해체 작업
양중기 설치 연장 해체 작업 및 천공 항타 작업
흙막이 지보공 조립·해체 작업
건설기계 사용 작업
안전시설물 설치 및 해체 작업
양중기 설치 및 해체 작업
가설전기 작업
기타 작업(밀폐공간 내 작업, 같은 장소에서 둘 이상의 공정이 동시에 진행되는 작업

[1] user: 재해개요: 재해자는 23.05.30 오전 8시 30분경 105동 지하 1층 주변 주차장 램프 구간에서 유로폼위에 올라서서 수평 연결재를 체결하는 작업을 하던 중 유료폼이 회전하면서 재해자가 중심을 잃고 바닥으로 추락하는 사고를 당하였습니다.
작업공사_v2_세부분류:
[2] assistant: 안전시설물 설치 및 해체 작업
